<?xml version="1.0" encoding="UTF-8"?>
<testng-results ignored="0" total="1" passed="1" failed="0" skipped="0">
  <reporter-output>
  </reporter-output>
  <suite started-at="2022-05-16T17:29:07 IST" name="Suite" finished-at="2022-05-16T17:29:07 IST" duration-ms="61">
    <groups>
    </groups>
    <test started-at="2022-05-16T17:29:07 IST" name="Test" finished-at="2022-05-16T17:29:07 IST" duration-ms="61">
      <class name="sele.TestList">
        <test-method signature="add()[pri:0, instance:sele.TestList@50b472aa]" started-at="2022-05-16T17:29:07 IST" name="add" finished-at="2022-05-16T17:29:07 IST" duration-ms="15" status="PASS">
          <reporter-output>
          </reporter-output>
        </test-method> <!-- add -->
      </class> <!-- sele.TestList -->
    </test> <!-- Test -->
  </suite> <!-- Suite -->
</testng-results>
